<?xml version="1.0" encoding="UTF-8"?>
<robot generator="Robot 6.1.1 (Python 3.11.4 on win32)" generated="20240113 20:17:08.023" rpa="true" schemaversion="4">
<suite id="s1" name="Main" source="c:\Users\lucas\Documentos\Pasta de Programação\Bot para o microsoft rewards - Github\main.robot">
<kw name="Abre navegador" type="SETUP">
<kw name="Create Webdriver" library="SeleniumLibrary">
<arg>${Browser}</arg>
<doc>Creates an instance of Selenium WebDriver.</doc>
<msg timestamp="20240113 20:17:09.436" level="INFO">Creating an instance of the Chrome WebDriver.</msg>
<status status="PASS" starttime="20240113 20:17:09.436" endtime="20240113 20:17:14.955"/>
</kw>
<kw name="Go To" library="SeleniumLibrary">
<arg>${Page}</arg>
<doc>Navigates the current browser window to the provided ``url``.</doc>
<msg timestamp="20240113 20:17:14.959" level="INFO">Opening url 'https://www.bing.com/'</msg>
<status status="PASS" starttime="20240113 20:17:14.959" endtime="20240113 20:17:17.075"/>
</kw>
<kw name="Maximize Browser Window" library="SeleniumLibrary">
<doc>Maximizes current browser window.</doc>
<msg timestamp="20240113 20:17:17.219" level="WARN">Keyword 'Capture Page Screenshot' could not be run on failure: Message: no such window: target window already closed
from unknown error: web view not found
  (Session info: chrome=120.0.6099.217)
Stacktrace:
	GetHandleVerifier [0x00007FF69A292142+3514994]
	(No symbol) [0x00007FF699EB0CE2]
	(No symbol) [0x00007FF699D576AA]
	(No symbol) [0x00007FF699D30AFD]
	(No symbol) [0x00007FF699DCCB1B]
	(No symbol) [0x00007FF699DE218F]
	(No symbol) [0x00007FF699DC5D93]
	(No symbol) [0x00007FF699D94BDC]
	(No symbol) [0x00007FF699D95C64]
	GetHandleVerifier [0x00007FF69A2BE16B+3695259]
	GetHandleVerifier [0x00007FF69A316737+4057191]
	GetHandleVerifier [0x00007FF69A30E4E3+4023827]
	GetHandleVerifier [0x00007FF699FE04F9+689705]
	(No symbol) [0x00007FF699EBC048]
	(No symbol) [0x00007FF699EB8044]
	(No symbol) [0x00007FF699EB81C9]
	(No symbol) [0x00007FF699EA88C4]
	BaseThreadInitThunk [0x00007FFD96867344+20]
	RtlUserThreadStart [0x00007FFD978226B1+33]
</msg>
<msg timestamp="20240113 20:17:17.223" level="FAIL">NoSuchWindowException: Message: no such window: target window already closed
from unknown error: web view not found
  (Session info: chrome=120.0.6099.217)
Stacktrace:
	GetHandleVerifier [0x00007FF69A292142+3514994]
	(No symbol) [0x00007FF699EB0CE2]
	(No symbol) [0x00007FF699D576AA]
	(No symbol) [0x00007FF699D30AFD]
	(No symbol) [0x00007FF699DCCB1B]
	(No symbol) [0x00007FF699DE218F]
	(No symbol) [0x00007FF699DC5D93]
	(No symbol) [0x00007FF699D94BDC]
	(No symbol) [0x00007FF699D95C64]
	GetHandleVerifier [0x00007FF69A2BE16B+3695259]
	GetHandleVerifier [0x00007FF69A316737+4057191]
	GetHandleVerifier [0x00007FF69A30E4E3+4023827]
	GetHandleVerifier [0x00007FF699FE04F9+689705]
	(No symbol) [0x00007FF699EBC048]
	(No symbol) [0x00007FF699EB8044]
	(No symbol) [0x00007FF699EB81C9]
	(No symbol) [0x00007FF699EA88C4]
	BaseThreadInitThunk [0x00007FFD96867344+20]
	RtlUserThreadStart [0x00007FFD978226B1+33]
</msg>
<status status="FAIL" starttime="20240113 20:17:17.079" endtime="20240113 20:17:17.554"/>
</kw>
<kw name="Set Selenium Speed" library="SeleniumLibrary">
<arg>2 second</arg>
<doc>Sets the delay that is waited after each Selenium command.</doc>
<status status="NOT RUN" starttime="20240113 20:17:17.554" endtime="20240113 20:17:17.554"/>
</kw>
<status status="FAIL" starttime="20240113 20:17:09.432" endtime="20240113 20:17:17.558"/>
</kw>
<test id="s1-t1" name="Rodar teste" line="15">
<status status="FAIL" starttime="20240113 20:17:17.558" endtime="20240113 20:17:17.566">Parent suite setup failed:
NoSuchWindowException: Message: no such window: target window already closed
from unknown error: web view not found
  (Session info: chrome=120.0.6099.217)
Stacktrace:
	GetHandleVerifier [0x00007FF69A292142+3514994]
	(No symbol) [0x00007FF699EB0CE2]
	(No symbol) [0x00007FF699D576AA]
	(No symbol) [0x00007FF699D30AFD]
	(No symbol) [0x00007FF699DCCB1B]
	(No symbol) [0x00007FF699DE218F]
	(No symbol) [0x00007FF699DC5D93]
	(No symbol) [0x00007FF699D94BDC]
	(No symbol) [0x00007FF699D95C64]
	GetHandleVerifier [0x00007FF69A2BE16B+3695259]
	GetHandleVerifier [0x00007FF69A316737+4057191]
	GetHandleVerifier [0x00007FF69A30E4E3+4023827]
	GetHandleVerifier [0x00007FF699FE04F9+689705]
	(No symbol) [0x00007FF699EBC048]
	(No symbol) [0x00007FF699EB8044]
	(No symbol) [0x00007FF699EB81C9]
	(No symbol) [0x00007FF699EA88C4]
	BaseThreadInitThunk [0x00007FFD96867344+20]
	RtlUserThreadStart [0x00007FFD978226B1+33]
</status>
</test>
<doc>roboto</doc>
<status status="FAIL" starttime="20240113 20:17:08.031" endtime="20240113 20:17:17.570">Suite setup failed:
NoSuchWindowException: Message: no such window: target window already closed
from unknown error: web view not found
  (Session info: chrome=120.0.6099.217)
Stacktrace:
	GetHandleVerifier [0x00007FF69A292142+3514994]
	(No symbol) [0x00007FF699EB0CE2]
	(No symbol) [0x00007FF699D576AA]
	(No symbol) [0x00007FF699D30AFD]
	(No symbol) [0x00007FF699DCCB1B]
	(No symbol) [0x00007FF699DE218F]
	(No symbol) [0x00007FF699DC5D93]
	(No symbol) [0x00007FF699D94BDC]
	(No symbol) [0x00007FF699D95C64]
	GetHandleVerifier [0x00007FF69A2BE16B+3695259]
	GetHandleVerifier [0x00007FF69A316737+4057191]
	GetHandleVerifier [0x00007FF69A30E4E3+4023827]
	GetHandleVerifier [0x00007FF699FE04F9+689705]
	(No symbol) [0x00007FF699EBC048]
	(No symbol) [0x00007FF699EB8044]
	(No symbol) [0x00007FF699EB81C9]
	(No symbol) [0x00007FF699EA88C4]
	BaseThreadInitThunk [0x00007FFD96867344+20]
	RtlUserThreadStart [0x00007FFD978226B1+33]
</status>
</suite>
<statistics>
<total>
<stat pass="0" fail="1" skip="0">All Tasks</stat>
</total>
<tag>
</tag>
<suite>
<stat pass="0" fail="1" skip="0" id="s1" name="Main">Main</stat>
</suite>
</statistics>
<errors>
<msg timestamp="20240113 20:17:17.219" level="WARN">Keyword 'Capture Page Screenshot' could not be run on failure: Message: no such window: target window already closed
from unknown error: web view not found
  (Session info: chrome=120.0.6099.217)
Stacktrace:
	GetHandleVerifier [0x00007FF69A292142+3514994]
	(No symbol) [0x00007FF699EB0CE2]
	(No symbol) [0x00007FF699D576AA]
	(No symbol) [0x00007FF699D30AFD]
	(No symbol) [0x00007FF699DCCB1B]
	(No symbol) [0x00007FF699DE218F]
	(No symbol) [0x00007FF699DC5D93]
	(No symbol) [0x00007FF699D94BDC]
	(No symbol) [0x00007FF699D95C64]
	GetHandleVerifier [0x00007FF69A2BE16B+3695259]
	GetHandleVerifier [0x00007FF69A316737+4057191]
	GetHandleVerifier [0x00007FF69A30E4E3+4023827]
	GetHandleVerifier [0x00007FF699FE04F9+689705]
	(No symbol) [0x00007FF699EBC048]
	(No symbol) [0x00007FF699EB8044]
	(No symbol) [0x00007FF699EB81C9]
	(No symbol) [0x00007FF699EA88C4]
	BaseThreadInitThunk [0x00007FFD96867344+20]
	RtlUserThreadStart [0x00007FFD978226B1+33]
</msg>
</errors>
</robot>
